1633910654511	geckodriver	INFO	Listening on 127.0.0.1:58519
1633910655466	mozrunner::runner	INFO	Running command: "/usr/bin/firefox" "--marionette" "-foreground" "-no-remote" "-profile" "/tmp/rust_mozprofile9QK4z5"
1633910658109	Marionette	INFO	Marionette enabled
console.warn: SearchSettings: "get: No settings file exists, new profile?" (new NotFoundError("Could not open the file at /tmp/rust_mozprofile9QK4z5/search.json.mozlz4", (void 0)))
1633910661843	Marionette	INFO	Listening on port 39569
1633910662231	RemoteAgent	WARN	TLS certificate errors will be ignored for this session
JavaScript warning: https://chiasenhac.vn/mp3/vietnam?tab=vua-download, line 1208: unreachable code after return statement
JavaScript error: https://chiasenhac.vn/mp3/vietnam?tab=vua-download line 188 > injectedScript, line 641: TypeError: document.querySelector(...) is null
1633910764130	geckodriver	INFO	Listening on 127.0.0.1:56767
1633910764133	mozrunner::runner	INFO	Running command: "/usr/bin/firefox" "--marionette" "-foreground" "-no-remote" "-profile" "/tmp/rust_mozprofileqayksB"
1633910765950	Marionette	INFO	Marionette enabled
console.warn: SearchSettings: "get: No settings file exists, new profile?" (new NotFoundError("Could not open the file at /tmp/rust_mozprofileqayksB/search.json.mozlz4", (void 0)))
1633910768226	Marionette	INFO	Listening on port 40457
1633910768490	RemoteAgent	WARN	TLS certificate errors will be ignored for this session
JavaScript warning: https://chiasenhac.vn/mp3/vietnam?tab=vua-download, line 1213: unreachable code after return statement
JavaScript error: https://ads.pubmatic.com/AdServer/js/user_sync.html?p=158212&predirect=https%3A%2F%2Fcm.gammaplatform.com%2Fadx%2Frecv%3Fpid%3D35%26uid%3D, line 1: ReferenceError: CommonMeta is not defined
1633910776522	Marionette	INFO	Stopped listening on port 40457
JavaScript error: chrome://remote/content/marionette/cert.js, line 55: NS_ERROR_NOT_AVAILABLE: Component returned failure code: 0x80040111 (NS_ERROR_NOT_AVAILABLE) [nsICertOverrideService.setDisableAllSecurityChecksAndLetAttackersInterceptMyData]
JavaScript error: resource:///modules/Interactions.jsm, line 230: NS_ERROR_FAILURE: Component returned failure code: 0x80004005 (NS_ERROR_FAILURE) [nsIUserIdleService.removeIdleObserver]

###!!! [Child][MessageChannel] Error: (msgtype=0x6B0025,name=PNecko::Msg_RemoveRequestContext) Channel closing: too late to send/recv, messages will be lost

1633910917649	geckodriver	INFO	Listening on 127.0.0.1:60197
1633910917652	mozrunner::runner	INFO	Running command: "/usr/bin/firefox" "--marionette" "-foreground" "-no-remote" "-profile" "/tmp/rust_mozprofileXPtg80"
1633910919479	Marionette	INFO	Marionette enabled
console.warn: SearchSettings: "get: No settings file exists, new profile?" (new NotFoundError("Could not open the file at /tmp/rust_mozprofileXPtg80/search.json.mozlz4", (void 0)))
1633910921677	Marionette	INFO	Listening on port 35001
1633910921974	RemoteAgent	WARN	TLS certificate errors will be ignored for this session
JavaScript warning: https://chiasenhac.vn/mp3/vietnam.html?tab=bai-hat-moi&page=1, line 2396: unreachable code after return statement
JavaScript error: https://ads.pubmatic.com/AdServer/js/user_sync.html?p=158212&predirect=https%3A%2F%2Fcm.gammaplatform.com%2Fadx%2Frecv%3Fpid%3D35%26uid%3D, line 1: ReferenceError: CommonMeta is not defined
JavaScript warning: https://chiasenhac.vn/mp3/vietnam.html?tab=bai-hat-moi&page=2, line 2391: unreachable code after return statement
JavaScript warning: https://chiasenhac.vn/mp3/vietnam.html?tab=bai-hat-moi&page=3, line 2396: unreachable code after return statement
JavaScript warning: https://chiasenhac.vn/mp3/vietnam.html?tab=bai-hat-moi&page=4, line 2396: unreachable code after return statement
JavaScript warning: https://chiasenhac.vn/mp3/vietnam.html?tab=bai-hat-moi&page=5, line 2394: unreachable code after return statement
1633910937698	Marionette	INFO	Stopped listening on port 35001
JavaScript error: resource:///modules/Interactions.jsm, line 230: NS_ERROR_FAILURE: Component returned failure code: 0x80004005 (NS_ERROR_FAILURE) [nsIUserIdleService.removeIdleObserver]
JavaScript error: chrome://remote/content/marionette/cert.js, line 55: NS_ERROR_NOT_AVAILABLE: Component returned failure code: 0x80040111 (NS_ERROR_NOT_AVAILABLE) [nsICertOverrideService.setDisableAllSecurityChecksAndLetAttackersInterceptMyData]
1633912786064	geckodriver	INFO	Listening on 127.0.0.1:35075
1633912786071	mozrunner::runner	INFO	Running command: "/usr/bin/firefox" "--marionette" "-foreground" "-no-remote" "-profile" "/tmp/rust_mozprofile88Td5g"
1633912787782	Marionette	INFO	Marionette enabled
console.warn: SearchSettings: "get: No settings file exists, new profile?" (new NotFoundError("Could not open the file at /tmp/rust_mozprofile88Td5g/search.json.mozlz4", (void 0)))
1633912790080	Marionette	INFO	Listening on port 43905
1633912790290	RemoteAgent	WARN	TLS certificate errors will be ignored for this session
JavaScript warning: https://chiasenhac.vn/mp3/vietnam.html?tab=bai-hat-moi&page=1, line 2396: unreachable code after return statement
JavaScript error: https://ads.pubmatic.com/AdServer/js/user_sync.html?p=159249&predirect=https%3A%2F%2Fcm.gammaplatform.com%2Fadx%2Frecv%3Fpid%3D53%26uid%3D, line 1: ReferenceError: CommonMeta is not defined
JavaScript warning: https://chiasenhac.vn/mp3/vietnam.html?tab=bai-hat-moi&page=2, line 2396: unreachable code after return statement
JavaScript warning: https://chiasenhac.vn/mp3/vietnam.html?tab=bai-hat-moi&page=3, line 2394: unreachable code after return statement
JavaScript warning: https://chiasenhac.vn/mp3/vietnam.html?tab=bai-hat-moi&page=4, line 2391: unreachable code after return statement
JavaScript warning: https://chiasenhac.vn/mp3/vietnam.html?tab=bai-hat-moi&page=5, line 2396: unreachable code after return statement
1633912807592	Marionette	INFO	Stopped listening on port 43905
JavaScript error: resource:///modules/Interactions.jsm, line 230: NS_ERROR_FAILURE: Component returned failure code: 0x80004005 (NS_ERROR_FAILURE) [nsIUserIdleService.removeIdleObserver]
JavaScript error: chrome://remote/content/marionette/cert.js, line 55: NS_ERROR_NOT_AVAILABLE: Component returned failure code: 0x80040111 (NS_ERROR_NOT_AVAILABLE) [nsICertOverrideService.setDisableAllSecurityChecksAndLetAttackersInterceptMyData]
